f:\m\code\chess\chess\x64\debug\vc143.pdb
f:\m\code\chess\chess\x64\debug\vc143.idb
f:\m\code\chess\chess\x64\debug\text_input.obj
f:\m\code\chess\chess\x64\debug\scene_manager.obj
f:\m\code\chess\chess\x64\debug\resources_manager.obj
f:\m\code\chess\chess\x64\debug\option_selector.obj
f:\m\code\chess\chess\x64\debug\menu_scene.obj
f:\m\code\chess\chess\x64\debug\main.obj
f:\m\code\chess\chess\x64\debug\chess_server.obj
f:\m\code\chess\chess\x64\debug\chess_pieces.obj
f:\m\code\chess\chess\x64\debug\chess_piece.obj
f:\m\code\chess\chess\x64\debug\chess_manager.obj
f:\m\code\chess\chess\x64\debug\chess_client.obj
f:\m\code\chess\chess\x64\debug\button.obj
f:\m\code\chess\chess\x64\debug\board.obj
f:\m\code\chess\chess\x64\debug\ai.obj
f:\m\code\chess\x64\debug\chess.exe
f:\m\code\chess\x64\debug\chess.pdb
f:\m\code\chess\chess\x64\debug\chess.ilk
f:\m\code\chess\chess\x64\debug\chess.tlog\cl.command.1.tlog
f:\m\code\chess\chess\x64\debug\chess.tlog\cl.items.tlog
f:\m\code\chess\chess\x64\debug\chess.tlog\cl.read.1.tlog
f:\m\code\chess\chess\x64\debug\chess.tlog\cl.write.1.tlog
f:\m\code\chess\chess\x64\debug\chess.tlog\link.command.1.tlog
f:\m\code\chess\chess\x64\debug\chess.tlog\link.read.1.tlog
f:\m\code\chess\chess\x64\debug\chess.tlog\link.secondary.1.tlog
f:\m\code\chess\chess\x64\debug\chess.tlog\link.write.1.tlog
